#
# A fatal error has been detected by the Java Runtime Environment:
#
#  EXCEPTION_ACCESS_VIOLATION (0xc0000005) at pc=0x000000006b1cb9c3, pid=3876, tid=5844
#
# JRE version: Java(TM) SE Runtime Environment (7.0_51-b13) (build 1.7.0_51-b13)
# Java VM: Java HotSpot(TM) 64-Bit Server VM (24.51-b03 mixed mode windows-amd64 compressed oops)
# Problematic frame:
# V  [jvm.dll+0xdb9c3]
#
# Failed to write core dump. Minidumps are not enabled by default on client versions of Windows
#
# If you would like to submit a bug report, please visit:
#   http://bugreport.sun.com/bugreport/crash.jsp
#

---------------  T H R E A D  ---------------

Current thread (0x000000000844d800):  VMThread [stack: 0x0000000009560000,0x0000000009660000] [id=5844]

siginfo: ExceptionCode=0xc0000005, reading address 0xffffffffffffffff

Registers:
RAX=0x000000000000001c, RBX=0x000000000965f4e0, RCX=0x000000000965f4e0, RDX=0xffffffffffffcc1c
RSP=0x000000000965f2e0, RBP=0x000000000965f350, RSI=0x000000000965f4e0, RDI=0x00000000000000a1
R8 =0x000000000000001c, R9 =0x0000000008345560, R10=0x03ffffffffffff30, R11=0x000000006b65c728
R12=0x0000000000000000, R13=0x000000006b1cb9a0, R14=0x0000000000000151, R15=0x0000000000000000
RIP=0x000000006b1cb9c3, EFLAGS=0x0000000000010a06

Top of Stack: (sp=0x000000000965f2e0)
0x000000000965f2e0:   000000000965f4e0 000000000965f4e0
0x000000000965f2f0:   0000000000000000 000000000844d801
0x000000000965f300:   000000000965f4e0 000000006b1cbc89
0x000000000965f310:   000000000000cbca 000000000965f4e0
0x000000000965f320:   000000000965f4e0 00000000022b0080
0x000000000965f330:   0000000004000000 0000000001000000
0x000000000965f340:   00000000bd7cdf2c 00000000000000aa
0x000000000965f350:   00000000000003d8 000000000844d800
0x000000000965f360:   0000000000000700 00000000000000a1
0x000000000965f370:   0000000000000001 000000006b1cc1b9
0x000000000965f380:   000000000965f4e0 0000000000000700
0x000000000965f390:   0000000000000151 0000000000000010
0x000000000965f3a0:   000000000844db80 0000015400000151
0x000000000965f3b0:   000000a10000015d 000000006b160000
0x000000000965f3c0:   00000007000000a1 00000000022bc4d0
0x000000000965f3d0:   0000000008345510 000000006b1d095d 

Instructions: (pc=0x000000006b1cb9c3)
0x000000006b1cb9a3:   83 ec 20 4c 8b 89 88 00 00 00 48 63 d2 48 8b d9
0x000000006b1cb9b3:   0f b6 c2 4c 8b d2 24 3f 49 c1 ea 06 44 0f b6 c0
0x000000006b1cb9c3:   4b 8b 04 d1 4c 0f a3 c0 72 0f 48 83 c1 68 41 b0
0x000000006b1cb9d3:   01 e8 47 8f 14 00 ff 43 64 48 83 c4 20 5b c3 cc 


Register to memory mapping:

RAX=0x000000000000001c is an unknown value
RBX=0x000000000965f4e0 is an unknown value
RCX=0x000000000965f4e0 is an unknown value
RDX=0xffffffffffffcc1c is an unknown value
RSP=0x000000000965f2e0 is an unknown value
RBP=0x000000000965f350 is an unknown value
RSI=0x000000000965f4e0 is an unknown value
RDI=0x00000000000000a1 is an unknown value
R8 =0x000000000000001c is an unknown value
R9 =0x0000000008345560 is an unknown value
R10=0x03ffffffffffff30 is an unknown value
R11=0x000000006b65c728 is an unknown value
R12=0x0000000000000000 is an unknown value
R13=0x000000006b1cb9a0 is an unknown value
R14=0x0000000000000151 is an unknown value
R15=0x0000000000000000 is an unknown value


Stack: [0x0000000009560000,0x0000000009660000],  sp=0x000000000965f2e0,  free space=1020k
Native frames: (J=compiled Java code, j=interpreted, Vv=VM code, C=native code)
V  [jvm.dll+0xdb9c3]

VM_Operation (0x000000000a54f0b0): GetOrSetLocal, mode: safepoint, requested by thread 0x00000000084b9800


---------------  P R O C E S S  ---------------

Java Threads: ( => current thread )
  0x00000000022af000 JavaThread "DestroyJavaVM" [_thread_blocked, id=5768, stack(0x0000000002640000,0x0000000002740000)]
  0x000000000a7eb800 JavaThread "AWT-EventQueue-0" [_thread_blocked, id=4972, stack(0x000000000b700000,0x000000000b800000)]
  0x000000000a7eb000 JavaThread "AWT-Windows" daemon [_thread_in_native, id=5816, stack(0x000000000b150000,0x000000000b250000)]
  0x000000000a7e6000 JavaThread "AWT-Shutdown" [_thread_blocked, id=5632, stack(0x000000000b3c0000,0x000000000b4c0000)]
  0x000000000a7e5000 JavaThread "Java2D Disposer" daemon [_thread_blocked, id=4280, stack(0x000000000a2c0000,0x000000000a3c0000)]
  0x000000000a6c5800 JavaThread "Service Thread" daemon [_thread_blocked, id=5716, stack(0x000000000b000000,0x000000000b100000)]
  0x000000000a6c4800 JavaThread "C2 CompilerThread1" daemon [_thread_blocked, id=3660, stack(0x000000000af00000,0x000000000b000000)]
  0x00000000084cb000 JavaThread "C2 CompilerThread0" daemon [_thread_blocked, id=4724, stack(0x000000000ada0000,0x000000000aea0000)]
  0x00000000084c6000 JavaThread "JDWP Command Reader" daemon [_thread_in_native, id=4816, stack(0x000000000abb0000,0x000000000acb0000)]
  0x00000000084c5000 JavaThread "JDWP Event Helper Thread" daemon [_thread_blocked, id=5460, stack(0x000000000a090000,0x000000000a190000)]
  0x00000000084b9800 JavaThread "JDWP Transport Listener: dt_socket" daemon [_thread_blocked, id=5468, stack(0x000000000a450000,0x000000000a550000)]
  0x00000000084b3800 JavaThread "Attach Listener" daemon [_thread_blocked, id=5836, stack(0x0000000009b50000,0x0000000009c50000)]
  0x00000000084ac800 JavaThread "Signal Dispatcher" daemon [_thread_blocked, id=2608, stack(0x0000000009a00000,0x0000000009b00000)]
  0x0000000008457800 JavaThread "Finalizer" daemon [_thread_blocked, id=4808, stack(0x0000000009830000,0x0000000009930000)]
  0x0000000008450800 JavaThread "Reference Handler" daemon [_thread_blocked, id=5828, stack(0x00000000096c0000,0x00000000097c0000)]

Other Threads:
=>0x000000000844d800 VMThread [stack: 0x0000000009560000,0x0000000009660000] [id=5844]
  0x000000000a6d1800 WatcherThread [stack: 0x000000000b250000,0x000000000b350000] [id=5636]

VM state:at safepoint (normal execution)

VM Mutex/Monitor currently owned by a thread:  ([mutex/lock_event])
[0x00000000022acae0] Threads_lock - owner thread: 0x000000000844d800

Heap
 PSYoungGen      total 18944K, used 3608K [0x00000000eb680000, 0x00000000ecb80000, 0x0000000100000000)
  eden space 16384K, 22% used [0x00000000eb680000,0x00000000eba06100,0x00000000ec680000)
  from space 2560K, 0% used [0x00000000ec900000,0x00000000ec900000,0x00000000ecb80000)
  to   space 2560K, 0% used [0x00000000ec680000,0x00000000ec680000,0x00000000ec900000)
 ParOldGen       total 41984K, used 0K [0x00000000c2400000, 0x00000000c4d00000, 0x00000000eb680000)
  object space 41984K, 0% used [0x00000000c2400000,0x00000000c2400000,0x00000000c4d00000)
 PSPermGen       total 21504K, used 5947K [0x00000000bd200000, 0x00000000be700000, 0x00000000c2400000)
  object space 21504K, 27% used [0x00000000bd200000,0x00000000bd7ceec0,0x00000000be700000)

Card table byte_map: [0x0000000005740000,0x0000000005960000] byte_map_base: 0x0000000005157000

Polling page: 0x0000000000120000

Code Cache  [0x0000000002740000, 0x00000000029b0000, 0x0000000005740000)
 total_blobs=271 nmethods=2 adapters=231 free_code_cache=48719Kb largest_free_block=49879424

Compilation events (4 events):
Event: 0.616 Thread 0x00000000084cb000    1             java.lang.String::hashCode (55 bytes)
Event: 0.621 Thread 0x00000000084cb000 nmethod 1 0x00000000027a2d90 code [0x00000000027a2ec0, 0x00000000027a3038]
Event: 0.676 Thread 0x00000000084cb000    2             java.lang.String::indexOf (70 bytes)
Event: 0.678 Thread 0x00000000084cb000 nmethod 2 0x00000000027ae250 code [0x00000000027ae3a0, 0x00000000027ae588]

GC Heap History (0 events):
No events

Deoptimization events (0 events):
No events

Internal exceptions (10 events):
Event: 0.676 Thread 0x000000000a7eb800 Threw 0x00000000eb874c78 at C:\re\jdk7u51\527\hotspot\src\share\vm\prims\jvm.cpp:1244
Event: 0.689 Thread 0x000000000a7eb800 Threw 0x00000000eb898208 at C:\re\jdk7u51\527\hotspot\src\share\vm\prims\jvm.cpp:1244
Event: 0.692 Thread 0x000000000a7eb800 Threw 0x00000000eb89d4a0 at C:\re\jdk7u51\527\hotspot\src\share\vm\prims\jvm.cpp:1244
Event: 0.693 Thread 0x000000000a7eb800 Threw 0x00000000eb89e9c8 at C:\re\jdk7u51\527\hotspot\src\share\vm\prims\jvm.cpp:1244
Event: 0.694 Thread 0x000000000a7eb800 Threw 0x00000000eb8a0180 at C:\re\jdk7u51\527\hotspot\src\share\vm\prims\jvm.cpp:1244
Event: 0.694 Thread 0x000000000a7eb800 Threw 0x00000000eb8a16d8 at C:\re\jdk7u51\527\hotspot\src\share\vm\prims\jvm.cpp:1244
Event: 0.694 Thread 0x000000000a7eb800 Threw 0x00000000eb8a2f40 at C:\re\jdk7u51\527\hotspot\src\share\vm\prims\jvm.cpp:1244
Event: 0.695 Thread 0x000000000a7eb800 Threw 0x00000000eb8a44e8 at C:\re\jdk7u51\527\hotspot\src\share\vm\prims\jvm.cpp:1244
Event: 0.715 Thread 0x000000000a7eb800 Threw 0x00000000eb9a12e8 at C:\re\jdk7u51\527\hotspot\src\share\vm\prims\jvm.cpp:1244
Event: 0.716 Thread 0x000000000a7eb800 Threw 0x00000000eb9a3440 at C:\re\jdk7u51\527\hotspot\src\share\vm\prims\jvm.cpp:1244

Events (10 events):
Event: 96.950 Executing VM operation: ChangeBreakpoints done
Event: 96.954 Executing VM operation: EnterInterpOnlyMode
Event: 96.954 Executing VM operation: EnterInterpOnlyMode done
Event: 96.954 Executing VM operation: GetCurrentLocation
Event: 96.954 Executing VM operation: GetCurrentLocation done
Event: 96.954 Executing VM operation: ChangeSingleStep
Event: 96.954 Executing VM operation: ChangeSingleStep done
Event: 96.955 Executing VM operation: ChangeSingleStep
Event: 96.955 Executing VM operation: ChangeSingleStep done
Event: 97.006 Executing VM operation: GetOrSetLocal


Dynamic libraries:
0x000000013f390000 - 0x000000013f3c3000 	C:\Program Files\Java\jre7\bin\javaw.exe
0x0000000076d50000 - 0x0000000076efb000 	C:\Windows\SYSTEM32\ntdll.dll
0x0000000076670000 - 0x000000007678f000 	C:\Windows\system32\kernel32.dll
0x000007fefd310000 - 0x000007fefd37c000 	C:\Windows\system32\KERNELBASE.dll
0x000007fefed10000 - 0x000007fefedeb000 	C:\Windows\system32\ADVAPI32.dll
0x000007fefe6a0000 - 0x000007fefe73f000 	C:\Windows\system32\msvcrt.dll
0x000007fefee20000 - 0x000007fefee3f000 	C:\Windows\SYSTEM32\sechost.dll
0x000007fefe830000 - 0x000007fefe95e000 	C:\Windows\system32\RPCRT4.dll
0x0000000076790000 - 0x000000007688a000 	C:\Windows\system32\USER32.dll
0x000007fefe7c0000 - 0x000007fefe827000 	C:\Windows\system32\GDI32.dll
0x000007fefe610000 - 0x000007fefe61e000 	C:\Windows\system32\LPK.dll
0x000007fefec40000 - 0x000007fefed0a000 	C:\Windows\system32\USP10.dll
0x000007fefbbf0000 - 0x000007fefbde4000 	C:\Windows\WinSxS\amd64_microsoft.windows.common-controls_6595b64144ccf1df_6.0.7600.16385_none_fa645303170382f6\COMCTL32.dll
0x000007fefe740000 - 0x000007fefe7b1000 	C:\Windows\system32\SHLWAPI.dll
0x000007fefedf0000 - 0x000007fefee1e000 	C:\Windows\system32\IMM32.DLL
0x000007fefd770000 - 0x000007fefd879000 	C:\Windows\system32\MSCTF.dll
0x000000006b8c0000 - 0x000000006b992000 	C:\Program Files\Java\jre7\bin\msvcr100.dll
0x000000006b0f0000 - 0x000000006b8b9000 	C:\Program Files\Java\jre7\bin\server\jvm.dll
0x000007fef5f60000 - 0x000007fef5f69000 	C:\Windows\system32\WSOCK32.dll
0x000007fefeb50000 - 0x000007fefeb9d000 	C:\Windows\system32\WS2_32.dll
0x000007fefee40000 - 0x000007fefee48000 	C:\Windows\system32\NSI.dll
0x000007fef78c0000 - 0x000007fef78fb000 	C:\Windows\system32\WINMM.dll
0x0000000076f20000 - 0x0000000076f27000 	C:\Windows\system32\PSAPI.DLL
0x0000000073210000 - 0x000000007321f000 	C:\Program Files\Java\jre7\bin\verify.dll
0x0000000071820000 - 0x0000000071848000 	C:\Program Files\Java\jre7\bin\java.dll
0x0000000068bf0000 - 0x0000000068c25000 	C:\Program Files\Java\jre7\bin\jdwp.dll
0x0000000071250000 - 0x0000000071258000 	C:\Program Files\Java\jre7\bin\npt.dll
0x0000000071860000 - 0x0000000071875000 	C:\Program Files\Java\jre7\bin\zip.dll
0x000000006fbb0000 - 0x000000006fbb9000 	C:\Program Files\Java\jre7\bin\dt_socket.dll
0x000007fefae10000 - 0x000007fefae25000 	C:\Windows\system32\NLAapi.dll
0x000007fefc9f0000 - 0x000007fefca44000 	C:\Windows\System32\mswsock.dll
0x000007fefc870000 - 0x000007fefc8cb000 	C:\Windows\system32\DNSAPI.dll
0x000007fef6620000 - 0x000007fef662b000 	C:\Windows\System32\winrnr.dll
0x000007fef6480000 - 0x000007fef6495000 	C:\Windows\system32\napinsp.dll
0x000007fef6460000 - 0x000007fef6479000 	C:\Windows\system32\pnrpnsp.dll
0x000007fefab20000 - 0x000007fefab47000 	C:\Windows\system32\IPHLPAPI.DLL
0x000007fefab10000 - 0x000007fefab1b000 	C:\Windows\system32\WINNSI.DLL
0x000007fefa900000 - 0x000007fefa953000 	C:\Windows\System32\fwpuclnt.dll
0x000007fef7840000 - 0x000007fef7848000 	C:\Windows\system32\rasadhlp.dll
0x000007fefc400000 - 0x000007fefc407000 	C:\Windows\System32\wshtcpip.dll
0x0000000069490000 - 0x0000000069625000 	C:\Program Files\Java\jre7\bin\awt.dll
0x000007fefea20000 - 0x000007fefeaf7000 	C:\Windows\system32\OLEAUT32.dll
0x000007fefee50000 - 0x000007feff051000 	C:\Windows\system32\ole32.dll
0x000007fefb920000 - 0x000007fefb976000 	C:\Windows\system32\uxtheme.dll
0x000007fefb550000 - 0x000007fefb568000 	C:\Windows\system32\dwmapi.dll
0x000007fefd0b0000 - 0x000007fefd0bf000 	C:\Windows\system32\CRYPTBASE.dll
0x000007fefd880000 - 0x000007fefe606000 	C:\Windows\system32\SHELL32.dll
0x000007fef0d70000 - 0x000007fef0e95000 	C:\Windows\system32\dbghelp.dll

VM Arguments:
jvm_args: -agentlib:jdwp=transport=dt_socket,suspend=y,address=localhost:53399 -Dfile.encoding=Cp1252 
java_command: swing.miFrame
Launcher Type: SUN_STANDARD

Environment Variables:
PATH=C:\Program Files (x86)\CollabNet;C:\Program Files (x86)\Embarcadero\RAD Studio\12.0\bin;C:\Users\Public\Documents\RAD Studio\12.0\Bpl;C:\Program Files (x86)\Embarcadero\RAD Studio\12.0\bin64;C:\Users\Public\Documents\RAD Studio\12.0\Bpl\Win64;C:\Program Files (x86)\Intel\iCLS Client\;C:\Program Files\Intel\iCLS Client\;C:\Windows\system32;C:\Windows;C:\Windows\System32\Wbem;C:\Windows\System32\WindowsPowerShell\v1.0\;C:\Program Files (x86)\Intel\OpenCL SDK\2.0\bin\x86;C:\Program Files (x86)\Intel\OpenCL SDK\2.0\bin\x64;C:\Program Files (x86)\Intel\OpenCL SDK\2.0\bin\x86;C:\Program Files (x86)\Intel\OpenCL SDK\2.0\bin\x64;C:\WEB\xampp\php;C:\Program Files (x86)\VJ\GtkSharp\2.12\bin;C:\Program Files (x86)\VJ\GtkSharp\2.12\bin;C:\Program Files (x86)\MATLAB\R2012a\runtime\win32;C:\Program Files (x86)\MATLAB\R2012a\bin;C:\GNAT\bin;C:\Program Files (x86)\FlashDevelop\Tools\fdbuild\;C:\Program Files (x86)\Heroku\bin;C:\Program Files (x86)\git\cmd;C:\Program Files\Intel\Intel(R) Management Engine Components\DAL;C:\Program Files\Intel\Intel(R) Management Engine Components\IPT;C:\Program Files (x86)\Intel\Intel(R) Management Engine Components\DAL;C:\Program Files (x86)\Intel\Intel(R) Management Engine Components\IPT;C:\node\npm\bin;;C:\HaxeToolkit\haxe\;C:\HaxeToolkit\neko
USERNAME=hernan
OS=Windows_NT
PROCESSOR_IDENTIFIER=Intel64 Family 6 Model 42 Stepping 7, GenuineIntel



---------------  S Y S T E M  ---------------

OS: Windows 7 , 64 bit Build 7600 

CPU:total 4 (2 cores per cpu, 2 threads per core) family 6 model 42 stepping 7, cmov, cx8, fxsr, mmx, sse, sse2, sse3, ssse3, sse4.1, sse4.2, popcnt, aes, ht, tsc, tscinvbit

Memory: 4k page, physical 4042608k(1147936k free), swap 8083320k(4478536k free)

vm_info: Java HotSpot(TM) 64-Bit Server VM (24.51-b03) for windows-amd64 JRE (1.7.0_51-b13), built on Dec 18 2013 18:40:56 by "java_re" with unknown MS VC++:1600

time: Wed Apr 30 15:55:44 2014
elapsed time: 97 seconds

